Determining if the pthread_create exist failed with the following output:
Change Dir: /home/d/mymasterproject/cmake-build-debug/CMakeFiles/CMakeTmp

Run Build Command(s):/usr/bin/make cmTC_0545e/fast 
/usr/bin/make -f CMakeFiles/cmTC_0545e.dir/build.make CMakeFiles/cmTC_0545e.dir/build
make[1]: 进入目录“/home/d/mymasterproject/cmake-build-debug/CMakeFiles/CMakeTmp”
Building C object CMakeFiles/cmTC_0545e.dir/CheckSymbolExists.c.o
/usr/bin/cc    -o CMakeFiles/cmTC_0545e.dir/CheckSymbolExists.c.o   -c /home/d/mymasterproject/cmake-build-debug/CMakeFiles/CMakeTmp/CheckSymbolExists.c
Linking C executable cmTC_0545e
/home/d/clion-2019.1.4/bin/cmake/linux/bin/cmake -E cmake_link_script CMakeFiles/cmTC_0545e.dir/link.txt --verbose=1
/usr/bin/cc      -rdynamic CMakeFiles/cmTC_0545e.dir/CheckSymbolExists.c.o  -o cmTC_0545e 
CMakeFiles/cmTC_0545e.dir/CheckSymbolExists.c.o：在函数‘main’中：
CheckSymbolExists.c:(.text+0x1b)：对‘pthread_create’未定义的引用
collect2: error: ld returned 1 exit status
CMakeFiles/cmTC_0545e.dir/build.make:86: recipe for target 'cmTC_0545e' failed
make[1]: *** [cmTC_0545e] Error 1
make[1]: 离开目录“/home/d/mymasterproject/cmake-build-debug/CMakeFiles/CMakeTmp”
Makefile:121: recipe for target 'cmTC_0545e/fast' failed
make: *** [cmTC_0545e/fast] Error 2

File /home/d/mymasterproject/cmake-build-debug/CMakeFiles/CMakeTmp/CheckSymbolExists.c:
/* */
#include <pthread.h>

int main(int argc, char** argv)
{
  (void)argv;
#ifndef pthread_create
  return ((int*)(&pthread_create))[argc];
#else
  (void)argc;
  return 0;
#endif
}

